I240309 18:31:52.887987 1 util/log/clog.go:1196  [config] file created at: 2024/03/09 18:31:52
I240309 18:31:52.887987 1 util/log/clog.go:1196  [config] running on machine: 61b488d510e8
I240309 18:31:52.887987 1 util/log/clog.go:1196  [config] binary: CockroachDB CCL v19.2.2 (x86_64-unknown-linux-gnu, built 2019/12/11 01:33:43, go1.12.12)
I240309 18:31:52.887987 1 util/log/clog.go:1196  [config] arguments: [/cockroach/cockroach start-single-node --insecure]
I240309 18:31:52.887987 1 util/log/clog.go:1196  line format: [IWEF]yymmdd hh:mm:ss.uuuuuu goid file:line msg utf8=✓
I240309 18:31:52.887987 1 cli/start.go:1144  logging to directory /cockroach/cockroach-data/logs
W240309 18:31:52.888070 1 cli/start.go:1182  RUNNING IN INSECURE MODE!

- Your cluster is open for any client that can access <all your IP addresses>.
- Any user, even root, can log in without providing a password.
- Any user, connecting as root, can read or write any data in your cluster.
- There is no network encryption nor authentication, and thus no confidentiality.

Check out how to secure your cluster: https://www.cockroachlabs.com/docs/v19.2/secure-a-cluster.html
I240309 18:31:52.888171 1 server/status/recorder.go:599  can't read available memory from cgroups (open /sys/fs/cgroup/memory/memory.limit_in_bytes: no such file or directory), using system memory 15 GiB instead
W240309 18:31:52.888211 1 cli/start.go:1052  Using the default setting for --cache (128 MiB).
  A significantly larger value is usually needed for good performance.
  If you have a dedicated server a reasonable setting is --cache=.25 (3.8 GiB).
I240309 18:31:52.888247 1 server/status/recorder.go:599  can't read available memory from cgroups (open /sys/fs/cgroup/memory/memory.limit_in_bytes: no such file or directory), using system memory 15 GiB instead
W240309 18:31:52.888253 1 cli/start.go:1065  Using the default setting for --max-sql-memory (128 MiB).
  A significantly larger value is usually needed in production.
  If you have a dedicated server a reasonable setting is --max-sql-memory=.25 (3.8 GiB).
I240309 18:31:52.888283 1 server/status/recorder.go:599  can't read available memory from cgroups (open /sys/fs/cgroup/memory/memory.limit_in_bytes: no such file or directory), using system memory 15 GiB instead
I240309 18:31:52.888292 1 cli/start.go:1196  CockroachDB CCL v19.2.2 (x86_64-unknown-linux-gnu, built 2019/12/11 01:33:43, go1.12.12)
I240309 18:31:52.989204 1 server/status/recorder.go:599  can't read available memory from cgroups (open /sys/fs/cgroup/memory/memory.limit_in_bytes: no such file or directory), using system memory 15 GiB instead
I240309 18:31:52.989252 1 server/config.go:394  system total memory: 15 GiB
I240309 18:31:52.989308 1 server/config.go:396  server configuration:
max offset             500000000
cache size             128 MiB
SQL memory pool size   128 MiB
scan interval          10m0s
scan min idle time     10ms
scan max idle time     1s
event log enabled      true
I240309 18:31:52.989325 1 cli/start.go:1030  using local environment variables: COCKROACH_CHANNEL=official-docker
I240309 18:31:52.989335 1 cli/start.go:1037  process identity: uid 0 euid 0 gid 0 egid 0
I240309 18:31:52.989417 1 cli/start.go:644  starting cockroach node
I240309 18:31:52.990130 13 storage/engine/rocksdb.go:622  opening rocksdb instance at "/cockroach/cockroach-data/cockroach-temp928367373"
I240309 18:31:53.001183 13 server/server.go:928  [n?] monitoring forward clock jumps based on server.clock.forward_jump_check_enabled
I240309 18:31:53.001422 13 storage/engine/rocksdb.go:622  opening rocksdb instance at "/cockroach/cockroach-data"
I240309 18:31:53.007700 13 server/config.go:502  [n?] 1 storage engine initialized
I240309 18:31:53.007705 13 server/config.go:505  [n?] RocksDB cache size: 128 MiB
I240309 18:31:53.007708 13 server/config.go:505  [n?] store 0: RocksDB, max size 0 B, max open file limit 1043576
I240309 18:31:53.007844 13 server/server.go:1386  [n?] no stores bootstrapped and --join flag specified, awaiting init command or join with an already initialized node.
I240309 18:31:53.007859 13 server/server.go:1396  [n?] **** add additional nodes by specifying --join=61b488d510e8:26257
W240309 18:31:53.007949 119 cli/start.go:996  neither --listen-addr nor --advertise-addr was specified.
The server will advertise "61b488d510e8" to other nodes, is this routable?

Consider using:
- for local-only servers:  --listen-addr=localhost
- for multi-node clusters: --advertise-addr=<host/IP addr>
I240309 18:31:53.026920 13 server/node.go:326  [n?] **** cluster 65a766e9-e394-41d4-92d2-b95c27df2f03 has been created
I240309 18:31:53.027051 13 gossip/gossip.go:394  [n1] NodeDescriptor set to node_id:1 address:<network_field:"tcp" address_field:"61b488d510e8:26257" > attrs:<> locality:<> ServerVersion:<major_val:19 minor_val:2 patch:0 unstable:0 > build_tag:"v19.2.2" started_at:1710009113026973833 cluster_name:"" sql_address:<network_field:"tcp" address_field:"61b488d510e8:26257" > 
W240309 18:31:53.030895 209 storage/store.go:1530  [n1,s1,r6/1:/Table/{SystemCon…-11}] could not gossip system config: [NotLeaseHolderError] r6: replica (n1,s1):1 not lease holder; lease holder unknown
I240309 18:31:53.030975 13 server/node.go:431  [n1] initialized store [n1,s1]: disk (capacity=465 GiB, available=194 GiB, used=73 KiB, logicalBytes=11 KiB), ranges=24, leases=0, queries=0.00, writes=0.00, bytesPerReplica={p10=0.00 p25=0.00 p50=0.00 p75=0.00 p90=166.00 pMax=9955.00}, writesPerReplica={p10=0.00 p25=0.00 p50=0.00 p75=0.00 p90=0.00 pMax=0.00}
I240309 18:31:53.031004 13 storage/stores.go:240  [n1] read 0 node addresses from persistent storage
I240309 18:31:53.031054 13 server/node.go:645  [n1] connecting to gossip network to verify cluster ID...
I240309 18:31:53.031063 13 server/node.go:665  [n1] node connected via gossip and verified as part of cluster "65a766e9-e394-41d4-92d2-b95c27df2f03"
I240309 18:31:53.031088 13 server/node.go:512  [n1] node=1: started with [<no-attributes>=/cockroach/cockroach-data] engine(s) and attributes []
I240309 18:31:53.031274 13 server/server.go:1514  [n1] starting http server at [::]:8080 (use: 61b488d510e8:8080)
I240309 18:31:53.031286 13 server/server.go:1521  [n1] starting grpc/postgres server at [::]:26257
I240309 18:31:53.031296 13 server/server.go:1522  [n1] advertising CockroachDB node at 61b488d510e8:26257
W240309 18:31:53.076471 209 storage/store.go:1530  [n1,s1,r6/1:/Table/{SystemCon…-11}] could not gossip system config: [NotLeaseHolderError] r6: replica (n1,s1):1 not lease holder; lease holder unknown
I240309 18:31:53.214008 338 sql/event_log.go:130  [n1,intExec=optInToDiagnosticsStatReporting] Event: "set_cluster_setting", target: 0, info: {SettingName:diagnostics.reporting.enabled Value:true User:root}
I240309 18:31:53.220556 359 sql/event_log.go:130  [n1,intExec=set-setting] Event: "set_cluster_setting", target: 0, info: {SettingName:version Value:19.2 User:root}
I240309 18:31:53.224668 389 sql/event_log.go:130  [n1,intExec=disableNetTrace] Event: "set_cluster_setting", target: 0, info: {SettingName:trace.debug.enable Value:false User:root}
I240309 18:31:53.239721 674 sql/event_log.go:130  [n1,intExec=initializeClusterSecret] Event: "set_cluster_setting", target: 0, info: {SettingName:cluster.secret Value:15ee1f4f-d6be-4053-b705-d25fa8be7c64 User:root}
I240309 18:31:53.245230 145 sql/event_log.go:130  [n1,intExec=create-default-db] Event: "create_database", target: 50, info: {DatabaseName:defaultdb Statement:CREATE DATABASE IF NOT EXISTS defaultdb User:root}
I240309 18:31:53.248375 738 sql/event_log.go:130  [n1,intExec=create-default-db] Event: "create_database", target: 51, info: {DatabaseName:postgres Statement:CREATE DATABASE IF NOT EXISTS postgres User:root}
I240309 18:31:53.262128 13 server/server.go:1590  [n1] done ensuring all necessary migrations have run
I240309 18:31:53.262149 13 server/server.go:1841  [n1] serving sql connections
I240309 18:31:53.263259 902 server/server_update.go:53  [n1] no need to upgrade, cluster already at the newest version
I240309 18:31:53.264376 904 sql/event_log.go:130  [n1] Event: "node_join", target: 1, info: {Descriptor:{NodeID:1 Address:61b488d510e8:26257 Attrs: Locality: ServerVersion:19.2 BuildTag:v19.2.2 StartedAt:1710009113026973833 LocalityAddress:[] ClusterName: SQLAddress:61b488d510e8:26257} ClusterID:65a766e9-e394-41d4-92d2-b95c27df2f03 StartedAt:1710009113026973833 LastUp:1710009113026973833}
I240309 18:31:53.267039 910 sql/event_log.go:130  [intExec=set-zone] Event: "set_zone_config", target: 0, info: {Target:RANGE default Config: Options:num_replicas = 1 User:root}
I240309 18:31:53.269899 785 sql/event_log.go:130  [intExec=set-zone] Event: "set_zone_config", target: 1, info: {Target:DATABASE system Config: Options:num_replicas = 1 User:root}
I240309 18:31:53.272972 843 sql/event_log.go:130  [intExec=set-zone] Event: "set_zone_config", target: 15, info: {Target:TABLE system.public.jobs Config: Options:num_replicas = 1 User:root}
I240309 18:31:53.275693 948 sql/event_log.go:130  [intExec=set-zone] Event: "set_zone_config", target: 16, info: {Target:RANGE meta Config: Options:num_replicas = 1 User:root}
I240309 18:31:53.278912 1090 sql/event_log.go:130  [intExec=set-zone] Event: "set_zone_config", target: 17, info: {Target:RANGE system Config: Options:num_replicas = 1 User:root}
I240309 18:31:53.281692 977 sql/event_log.go:130  [intExec=set-zone] Event: "set_zone_config", target: 22, info: {Target:RANGE liveness Config: Options:num_replicas = 1 User:root}
I240309 18:31:53.284821 1158 sql/event_log.go:130  [intExec=set-zone] Event: "set_zone_config", target: 25, info: {Target:TABLE system.public.replication_constraint_stats Config: Options:num_replicas = 1 User:root}
I240309 18:31:53.287677 1236 sql/event_log.go:130  [intExec=set-zone] Event: "set_zone_config", target: 27, info: {Target:TABLE system.public.replication_stats Config: Options:num_replicas = 1 User:root}
I240309 18:31:53.287715 13 cli/start.go:737  Replication was disabled for this cluster.
When/if adding nodes in the future, update zone configurations to increase the replication factor.
I240309 18:31:53.287755 13 cli/start.go:803  [config] clusterID: 65a766e9-e394-41d4-92d2-b95c27df2f03
I240309 18:31:53.287768 13 cli/start.go:812  node startup completed:
CockroachDB node starting at 2024-03-09 18:31:53.287717059 +0000 UTC (took 0.4s)
build:               CCL v19.2.2 @ 2019/12/11 01:33:43 (go1.12.12)
webui:               http://61b488d510e8:8080
sql:                 postgresql://root@61b488d510e8:26257?sslmode=disable
RPC client flags:    /cockroach/cockroach <client cmd> --host=61b488d510e8:26257 --insecure
logs:                /cockroach/cockroach-data/logs
temp dir:            /cockroach/cockroach-data/cockroach-temp928367373
external I/O path:   /cockroach/cockroach-data/extern
store[0]:            path=/cockroach/cockroach-data
status:              initialized new cluster
clusterID:           65a766e9-e394-41d4-92d2-b95c27df2f03
nodeID:              1
I240309 18:31:55.368142 117 gossip/gossip.go:1531  [n1] node has connected to cluster via gossip
I240309 18:31:55.368225 117 storage/stores.go:259  [n1] wrote 0 node addresses to persistent storage
I240309 18:31:55.927612 906 server/updates.go:267  [n1] A new version is available: 23.2.2, details: https://www.cockroachlabs.com/docs/releases/v23.2#v23-2-2
I240309 18:31:59.037434 1968 storage/replica_consistency.go:229  [n1,consistencyChecker,s1,r4/1:/System{/tsd-tse}] triggering stats recomputation to resolve delta of {ContainsEstimates:true LastUpdateNanos:1710009113202290383 IntentAge:0 GCBytesAge:0 LiveBytes:-33506 LiveCount:-664 KeyBytes:-32119 KeyCount:-664 ValBytes:-1387 ValCount:-664 IntentBytes:0 IntentCount:0 SysBytes:0 SysCount:0}
I240309 18:32:03.033556 222 server/status/runtime.go:498  [n1] runtime stats: 214 MiB RSS, 179 goroutines, 120 MiB/64 MiB/203 MiB GO alloc/idle/total, 15 MiB/20 MiB CGO alloc/total, 0.0 CGO/sec, 0.0/0.0 %(u/s)time, 0.0 %gc (14x), 222 KiB/6.2 MiB (r/w)net
I240309 18:32:12.614421 1 cli/start.go:865  received signal 'terminated'
I240309 18:32:12.615597 1 cli/start.go:930  initiating graceful shutdown of server
I240309 18:32:12.618870 2311 util/stop/stopper.go:542  [server drain process] quiescing; tasks left:
1      [async] intent_resolver_ir_batcher
1      [async] intent_resolver_gc_batcher
1      [async] closedts-rangefeed-subscriber
I240309 18:32:12.620080 2311 storage/engine/rocksdb.go:762  closing rocksdb instance at "/cockroach/cockroach-data/cockroach-temp928367373"
I240309 18:32:12.623196 2311 storage/engine/rocksdb.go:762  closing rocksdb instance at "/cockroach/cockroach-data"
I240309 18:32:12.625843 1 cli/start.go:976  server drained and shutdown completed
